# JRE version: OpenJDK Runtime Environment (21.0.9) (build 21.0.9+-14649483-b1163.86)
# Java VM: OpenJDK 64-Bit Server VM (21.0.9+-14649483-b1163.86, mixed mode, emulated-client, tiered, compressed oops, compressed class ptrs, g1 gc, windows-amd64)
GC Precious Log:
 CardTable entry size: 512
 Card Set container configuration: InlinePtr #cards 4 size 8 Array Of Cards #cards 16 size 48 Howl #buckets 8 coarsen threshold 3686 Howl Bitmap #cards 512 size 80 coarsen threshold 460 Card regions per heap region 1 cards per card region 4096
 CPUs: 8 total, 8 available
 Memory: 16198M
 Large Page Support: Disabled
 NUMA Support: Disabled
 Compressed Oops: Enabled (Zero based)
 Heap Region Size: 2M
 Heap Min Capacity: 8M
 Heap Initial Capacity: 254M
 Heap Max Capacity: 4050M
 Pre-touch: Disabled
 Parallel Workers: 8
 Concurrent Workers: 2
 Concurrent Refinement Workers: 8
 Periodic GC: Disabled
Heap:
 garbage-first heap   total 47104K, used 30516K [0x0000000702e00000, 0x0000000800000000)
  region size 2048K, 6 young (12288K), 2 survivors (4096K)
 Metaspace       used 57586K, committed 58048K, reserved 1114112K
  class space    used 8068K, committed 8256K, reserved 1048576K
GC Heap History (20 events):
Event: 9.939 GC heap before
{Heap before GC invocations=2 (full 0):
 garbage-first heap   total 260096K, used 13881K [0x0000000702e00000, 0x0000000800000000)
  region size 2048K, 5 young (10240K), 2 survivors (4096K)
 Metaspace       used 21201K, committed 21504K, reserved 1114112K
  class space    used 2730K, committed 2880K, reserved 1048576K
}
Event: 9.947 GC heap after
{Heap after GC invocations=3 (full 0):
 garbage-first heap   total 260096K, used 10120K [0x0000000702e00000, 0x0000000800000000)
  region size 2048K, 2 young (4096K), 2 survivors (4096K)
 Metaspace       used 21201K, committed 21504K, reserved 1114112K
  class space    used 2730K, committed 2880K, reserved 1048576K
}
Event: 13.174 GC heap before
{Heap before GC invocations=4 (full 0):
 garbage-first heap   total 40960K, used 38792K [0x0000000702e00000, 0x0000000800000000)
  region size 2048K, 16 young (32768K), 2 survivors (4096K)
 Metaspace       used 28466K, committed 28864K, reserved 1114112K
  class space    used 3654K, committed 3840K, reserved 1048576K
}
Event: 13.194 GC heap after
{Heap after GC invocations=5 (full 0):
 garbage-first heap   total 47104K, used 12299K [0x0000000702e00000, 0x0000000800000000)
  region size 2048K, 3 young (6144K), 3 survivors (6144K)
 Metaspace       used 28466K, committed 28864K, reserved 1114112K
  class space    used 3654K, committed 3840K, reserved 1048576K
}
Event: 15.413 GC heap before
{Heap before GC invocations=5 (full 0):
 garbage-first heap   total 47104K, used 32779K [0x0000000702e00000, 0x0000000800000000)
  region size 2048K, 13 young (26624K), 3 survivors (6144K)
 Metaspace       used 31071K, committed 31424K, reserved 1114112K
  class space    used 3989K, committed 4160K, reserved 1048576K
}
Event: 15.438 GC heap after
{Heap after GC invocations=6 (full 0):
 garbage-first heap   total 47104K, used 13915K [0x0000000702e00000, 0x0000000800000000)
  region size 2048K, 2 young (4096K), 2 survivors (4096K)
 Metaspace       used 31071K, committed 31424K, reserved 1114112K
  class space    used 3989K, committed 4160K, reserved 1048576K
}
Event: 19.298 GC heap before
{Heap before GC invocations=6 (full 0):
 garbage-first heap   total 47104K, used 34395K [0x0000000702e00000, 0x0000000800000000)
  region size 2048K, 12 young (24576K), 2 survivors (4096K)
 Metaspace       used 32819K, committed 33216K, reserved 1114112K
  class space    used 4244K, committed 4416K, reserved 1048576K
}
Event: 19.317 GC heap after
{Heap after GC invocations=7 (full 0):
 garbage-first heap   total 47104K, used 15977K [0x0000000702e00000, 0x0000000800000000)
  region size 2048K, 1 young (2048K), 1 survivors (2048K)
 Metaspace       used 32819K, committed 33216K, reserved 1114112K
  class space    used 4244K, committed 4416K, reserved 1048576K
}
Event: 22.929 GC heap before
{Heap before GC invocations=7 (full 0):
 garbage-first heap   total 47104K, used 34409K [0x0000000702e00000, 0x0000000800000000)
  region size 2048K, 11 young (22528K), 1 survivors (2048K)
 Metaspace       used 35699K, committed 36096K, reserved 1114112K
  class space    used 4687K, committed 4864K, reserved 1048576K
}
Event: 22.945 GC heap after
{Heap after GC invocations=8 (full 0):
 garbage-first heap   total 47104K, used 17231K [0x0000000702e00000, 0x0000000800000000)
  region size 2048K, 2 young (4096K), 2 survivors (4096K)
 Metaspace       used 35699K, committed 36096K, reserved 1114112K
  class space    used 4687K, committed 4864K, reserved 1048576K
}
Event: 27.572 GC heap before
{Heap before GC invocations=9 (full 0):
 garbage-first heap   total 47104K, used 37711K [0x0000000702e00000, 0x0000000800000000)
  region size 2048K, 12 young (24576K), 2 survivors (4096K)
 Metaspace       used 39602K, committed 40128K, reserved 1114112K
  class space    used 5327K, committed 5568K, reserved 1048576K
}
Event: 27.594 GC heap after
{Heap after GC invocations=10 (full 0):
 garbage-first heap   total 47104K, used 19600K [0x0000000702e00000, 0x0000000800000000)
  region size 2048K, 2 young (4096K), 2 survivors (4096K)
 Metaspace       used 39602K, committed 40128K, reserved 1114112K
  class space    used 5327K, committed 5568K, reserved 1048576K
}
Event: 31.592 GC heap before
{Heap before GC invocations=10 (full 0):
 garbage-first heap   total 47104K, used 38032K [0x0000000702e00000, 0x0000000800000000)
  region size 2048K, 11 young (22528K), 2 survivors (4096K)
 Metaspace       used 43672K, committed 44160K, reserved 1114112K
  class space    used 5794K, committed 6016K, reserved 1048576K
}
Event: 31.616 GC heap after
{Heap after GC invocations=11 (full 0):
 garbage-first heap   total 47104K, used 21222K [0x0000000702e00000, 0x0000000800000000)
  region size 2048K, 1 young (2048K), 1 survivors (2048K)
 Metaspace       used 43672K, committed 44160K, reserved 1114112K
  class space    used 5794K, committed 6016K, reserved 1048576K
}
Event: 34.089 GC heap before
{Heap before GC invocations=11 (full 0):
 garbage-first heap   total 47104K, used 37606K [0x0000000702e00000, 0x0000000800000000)
  region size 2048K, 9 young (18432K), 1 survivors (2048K)
 Metaspace       used 47953K, committed 48448K, reserved 1114112K
  class space    used 6581K, committed 6784K, reserved 1048576K
}
Event: 34.103 GC heap after
{Heap after GC invocations=12 (full 0):
 garbage-first heap   total 47104K, used 22312K [0x0000000702e00000, 0x0000000800000000)
  region size 2048K, 2 young (4096K), 2 survivors (4096K)
 Metaspace       used 47953K, committed 48448K, reserved 1114112K
  class space    used 6581K, committed 6784K, reserved 1048576K
}
Event: 35.971 GC heap before
{Heap before GC invocations=12 (full 0):
 garbage-first heap   total 47104K, used 36648K [0x0000000702e00000, 0x0000000800000000)
  region size 2048K, 10 young (20480K), 2 survivors (4096K)
 Metaspace       used 51114K, committed 51584K, reserved 1114112K
  class space    used 7165K, committed 7360K, reserved 1048576K
}
Event: 35.992 GC heap after
{Heap after GC invocations=13 (full 0):
 garbage-first heap   total 47104K, used 23442K [0x0000000702e00000, 0x0000000800000000)
  region size 2048K, 2 young (4096K), 2 survivors (4096K)
 Metaspace       used 51114K, committed 51584K, reserved 1114112K
  class space    used 7165K, committed 7360K, reserved 1048576K
}
Event: 40.063 GC heap before
{Heap before GC invocations=13 (full 0):
 garbage-first heap   total 47104K, used 35730K [0x0000000702e00000, 0x0000000800000000)
  region size 2048K, 9 young (18432K), 2 survivors (4096K)
 Metaspace       used 55750K, committed 56256K, reserved 1114112K
  class space    used 7778K, committed 8000K, reserved 1048576K
}
Event: 40.079 GC heap after
{Heap after GC invocations=14 (full 0):
 garbage-first heap   total 47104K, used 24372K [0x0000000702e00000, 0x0000000800000000)
  region size 2048K, 2 young (4096K), 2 survivors (4096K)
 Metaspace       used 55750K, committed 56256K, reserved 1114112K
  class space    used 7778K, committed 8000K, reserved 1048576K
}

